<?xml version="1.0" encoding="UTF-8"?>
<!-- Generated by org.testng.reporters.JUnitXMLReporter -->
<testsuite hostname="ANKITA-PC" ignored="0" name="Test" tests="3" failures="0" timestamp="25 Apr 2019 11:06:00 GMT" time="0.06" errors="0">
  <testcase name="@BeforeSuite openbrowser" time="2.221" classname="mercury.mavenapr14.A">
    <failure type="org.openqa.selenium.WebDriverException" message="unknown error: cannot find Chrome binary
  (Driver info: chromedriver=73.0.3683.20 (8e2b610813e167eee3619ac4ce6e42e3ec622017),platform=Windows NT 6.3.9600 x86_64) (WARNING: The server did not provide any stacktrace information)
Command duration or timeout: 390 milliseconds
Build info: version: &amp;apos;3.141.59&amp;apos;, revision: &amp;apos;e82be7d358&amp;apos;, time: &amp;apos;2018-11-14T08:17:03&amp;apos;
System info: host: &amp;apos;ANKITA-PC&amp;apos;, ip: &amp;apos;192.168.31.230&amp;apos;, os.name: &amp;apos;Windows 8.1&amp;apos;, os.arch: &amp;apos;amd64&amp;apos;, os.version: &amp;apos;6.3&amp;apos;, java.version: &amp;apos;1.8.0_20-ea&amp;apos;
Driver info: driver.version: ChromeDriver">
      <![CDATA[org.openqa.selenium.WebDriverException: unknown error: cannot find Chrome binary
  (Driver info: chromedriver=73.0.3683.20 (8e2b610813e167eee3619ac4ce6e42e3ec622017),platform=Windows NT 6.3.9600 x86_64) (WARNING: The server did not provide any stacktrace information)
Command duration or timeout: 390 milliseconds
Build info: version: '3.141.59', revision: 'e82be7d358', time: '2018-11-14T08:17:03'
System info: host: 'ANKITA-PC', ip: '192.168.31.230', os.name: 'Windows 8.1', os.arch: 'amd64', os.version: '6.3', java.version: '1.8.0_20-ea'
Driver info: driver.version: ChromeDriver
at org.openqa.selenium.remote.ErrorHandler.createThrowable(ErrorHandler.java:214)
at org.openqa.selenium.remote.ErrorHandler.throwIfResponseFailed(ErrorHandler.java:166)
at org.openqa.selenium.remote.JsonWireProtocolResponse.lambda$errorHandler$0(JsonWireProtocolResponse.java:54)
at org.openqa.selenium.remote.JsonWireProtocolResponse$$Lambda$198/1462044018.apply(Unknown Source)
at org.openqa.selenium.remote.HandshakeResponse.lambda$getResponseFunction$0(HandshakeResponse.java:30)
at org.openqa.selenium.remote.HandshakeResponse$$Lambda$195/1648001170.apply(Unknown Source)
at org.openqa.selenium.remote.ProtocolHandshake.lambda$createSession$0(ProtocolHandshake.java:126)
at org.openqa.selenium.remote.ProtocolHandshake$$Lambda$196/101775274.apply(Unknown Source)
at java.util.stream.ReferencePipeline$3$1.accept(ReferencePipeline.java:193)
at java.util.Spliterators$ArraySpliterator.tryAdvance(Spliterators.java:958)
at java.util.stream.ReferencePipeline.forEachWithCancel(ReferencePipeline.java:126)
at java.util.stream.AbstractPipeline.copyIntoWithCancel(AbstractPipeline.java:529)
at java.util.stream.AbstractPipeline.copyInto(AbstractPipeline.java:516)
at java.util.stream.AbstractPipeline.wrapAndCopyInto(AbstractPipeline.java:502)
at java.util.stream.FindOps$FindOp.evaluateSequential(FindOps.java:152)
at java.util.stream.AbstractPipeline.evaluate(AbstractPipeline.java:234)
at java.util.stream.ReferencePipeline.findFirst(ReferencePipeline.java:464)
at org.openqa.selenium.remote.ProtocolHandshake.createSession(ProtocolHandshake.java:128)
at org.openqa.selenium.remote.ProtocolHandshake.createSession(ProtocolHandshake.java:74)
at org.openqa.selenium.remote.HttpCommandExecutor.execute(HttpCommandExecutor.java:136)
at org.openqa.selenium.remote.service.DriverCommandExecutor.execute(DriverCommandExecutor.java:83)
at org.openqa.selenium.remote.RemoteWebDriver.execute(RemoteWebDriver.java:552)
at org.openqa.selenium.remote.RemoteWebDriver.startSession(RemoteWebDriver.java:213)
at org.openqa.selenium.remote.RemoteWebDriver.<init>(RemoteWebDriver.java:131)
at org.openqa.selenium.chrome.ChromeDriver.<init>(ChromeDriver.java:181)
at org.openqa.selenium.chrome.ChromeDriver.<init>(ChromeDriver.java:168)
at org.openqa.selenium.chrome.ChromeDriver.<init>(ChromeDriver.java:123)
at mercury.mavenapr14.A.openbrowser(A.java:130)
... Removed 27 stack frames]]>
    </failure>
  </testcase> <!-- @BeforeSuite openbrowser -->
  <testcase name="@BeforeTest OpenApplicationURL" time="0.0" classname="mercury.mavenapr14.A">
    <skipped/>
  </testcase> <!-- @BeforeTest OpenApplicationURL -->
  <testcase name="@BeforeClass maximizebrowser" time="0.0" classname="mercury.mavenapr14.A">
    <skipped/>
  </testcase> <!-- @BeforeClass maximizebrowser -->
  <testcase name="@BeforeMethod getcookies" time="0.0" classname="mercury.mavenapr14.A">
    <skipped/>
  </testcase> <!-- @BeforeMethod getcookies -->
  <testcase name="@AfterMethod capturescreenshot" time="0.0" classname="mercury.mavenapr14.A">
    <skipped/>
  </testcase> <!-- @AfterMethod capturescreenshot -->
  <testcase name="@BeforeMethod getcookies" time="0.0" classname="mercury.mavenapr14.A">
    <skipped/>
  </testcase> <!-- @BeforeMethod getcookies -->
  <testcase name="@AfterMethod capturescreenshot" time="0.0" classname="mercury.mavenapr14.A">
    <skipped/>
  </testcase> <!-- @AfterMethod capturescreenshot -->
  <testcase name="@BeforeMethod getcookies" time="0.0" classname="mercury.mavenapr14.A">
    <skipped/>
  </testcase> <!-- @BeforeMethod getcookies -->
  <testcase name="@AfterMethod capturescreenshot" time="0.0" classname="mercury.mavenapr14.A">
    <skipped/>
  </testcase> <!-- @AfterMethod capturescreenshot -->
  <testcase name="@AfterClass deletcookies" time="0.0" classname="mercury.mavenapr14.A">
    <skipped/>
  </testcase> <!-- @AfterClass deletcookies -->
  <testcase name="@AfterTest dbconnection" time="0.0" classname="mercury.mavenapr14.A">
    <skipped/>
  </testcase> <!-- @AfterTest dbconnection -->
  <testcase name="loginwithvalid1" time="0.0" classname="mercury.mavenapr14.A">
    <skipped/>
  </testcase> <!-- loginwithvalid1 -->
  <testcase name="loginwithvalid2" time="0.0" classname="mercury.mavenapr14.A">
    <skipped/>
  </testcase> <!-- loginwithvalid2 -->
  <testcase name="loginwithinvalid" time="0.0" classname="mercury.mavenapr14.A">
    <skipped/>
  </testcase> <!-- loginwithinvalid -->
</testsuite> <!-- Test -->
